<?xml version="1.0" encoding="UTF-8"?>
<!-- Generated by org.testng.reporters.JUnitReportReporter -->
<testsuite skipped="0" hostname="ELDOBLRQAW7024" name="seleniumassignment.TestCase13" tests="3" failures="0" timestamp="08 Jul 2021 14:33:20 GMT" time="14.090" errors="0">
  <testcase name="Login" time="5.960" classname="seleniumassignment.TestCase13"/>
  <testcase name="Search" time="7.910" classname="seleniumassignment.TestCase13"/>
  <testcase name="Screenshot" time="0.220" classname="seleniumassignment.TestCase13"/>
</testsuite> <!-- seleniumassignment.TestCase13 -->
