<?xml version="1.0" encoding="UTF-8"?>
<!-- Generated by org.testng.reporters.JUnitReportReporter -->
<testsuite skipped="0" hostname="ELDOBLRQAW7024" name="seleniumassignment.OpenUrlInChromeBrowserTest" tests="1" failures="0" timestamp="06 Jul 2021 14:44:16 GMT" time="5.313" errors="0">
  <testcase name="openUrlChomeBrowserTest" time="5.313" classname="seleniumassignment.OpenUrlInChromeBrowserTest"/>
</testsuite> <!-- seleniumassignment.OpenUrlInChromeBrowserTest -->
