<?xml version="1.0" encoding="UTF-8"?>
<!-- Generated by org.testng.reporters.JUnitReportReporter -->
<testsuite skipped="0" hostname="ELDOBLRQAW7024" name="seleniumassignment.ValidatedashBoardTest" tests="1" failures="0" timestamp="06 Jul 2021 15:32:52 GMT" time="2.972" errors="0">
  <testcase name="validateDashBoard" time="2.972" classname="seleniumassignment.ValidatedashBoardTest"/>
</testsuite> <!-- seleniumassignment.ValidatedashBoardTest -->
