<?xml version="1.0" encoding="UTF-8"?>
<!-- Generated by org.testng.reporters.JUnitReportReporter -->
<testsuite skipped="0" hostname="ELDOBLRQAW7024" name="seleniumassignment.TestCase_7_LoginApplicationInTestMethodTest" tests="1" failures="0" timestamp="08 Jul 2021 13:18:50 GMT" time="6.751" errors="0">
  <testcase name="beforeSuiteTest" time="6.751" classname="seleniumassignment.TestCase_7_LoginApplicationInTestMethodTest"/>
</testsuite> <!-- seleniumassignment.TestCase_7_LoginApplicationInTestMethodTest -->
