<?xml version="1.0" encoding="UTF-8"?>
<!-- Generated by org.testng.reporters.JUnitReportReporter -->
<testsuite skipped="0" hostname="ELDOBLRQAW7024" name="seleniumassignment.TestCase_6_BrowserLaunchInBeforeSuite" tests="1" failures="0" timestamp="08 Jul 2021 12:57:35 GMT" time="0.007" errors="0">
  <testcase name="beforeSuiteTest" time="0.007" classname="seleniumassignment.TestCase_6_BrowserLaunchInBeforeSuite"/>
</testsuite> <!-- seleniumassignment.TestCase_6_BrowserLaunchInBeforeSuite -->
