<?xml version="1.0" encoding="UTF-8"?>
<!-- Generated by org.testng.reporters.JUnitReportReporter -->
<testsuite skipped="0" hostname="ELDOBLRQAW7024" name="seleniumassignment.TestCase_4_ValidatedashBoardTest" tests="1" failures="0" timestamp="08 Jul 2021 11:13:27 GMT" time="2.872" errors="0">
  <testcase name="validateDashBoard" time="2.872" classname="seleniumassignment.TestCase_4_ValidatedashBoardTest"/>
</testsuite> <!-- seleniumassignment.TestCase_4_ValidatedashBoardTest -->
