<?xml version="1.0" encoding="UTF-8"?>
<!-- Generated by org.testng.reporters.JUnitReportReporter -->
<testsuite skipped="0" hostname="ELDOBLRQAW7024" name="seleniumassignment.TestCase_15_xpathSelectorTest" tests="2" failures="0" timestamp="08 Jul 2021 14:43:27 GMT" time="14.800" errors="0">
  <testcase name="Login" time="5.284" classname="seleniumassignment.TestCase_15_xpathSelectorTest"/>
  <testcase name="XPATh" time="9.516" classname="seleniumassignment.TestCase_15_xpathSelectorTest"/>
</testsuite> <!-- seleniumassignment.TestCase_15_xpathSelectorTest -->
