<?xml version="1.0" encoding="UTF-8"?>
<!-- Generated by org.testng.reporters.JUnitReportReporter -->
<testsuite skipped="0" hostname="ELDOBLRQAW7024" name="seleniumassignment.cssSelector_TestCase14" tests="2" failures="0" timestamp="08 Jul 2021 14:39:26 GMT" time="21.886" errors="0">
  <testcase name="Login" time="5.894" classname="seleniumassignment.cssSelector_TestCase14"/>
  <testcase name="CSSSelectorlist" time="15.992" classname="seleniumassignment.cssSelector_TestCase14"/>
</testsuite> <!-- seleniumassignment.cssSelector_TestCase14 -->
