<?xml version="1.0" encoding="UTF-8"?>
<!-- Generated by org.testng.reporters.JUnitReportReporter -->
<testsuite skipped="0" hostname="ELDOBLRQAW7024" name="seleniumassignment.PrintTitleOfApplicationTest" tests="1" failures="0" timestamp="06 Jul 2021 14:53:57 GMT" time="5.443" errors="0">
  <testcase name="PrintTitleTest" time="5.443" classname="seleniumassignment.PrintTitleOfApplicationTest"/>
</testsuite> <!-- seleniumassignment.PrintTitleOfApplicationTest -->
